<?xml version="1.0" encoding="UTF-8"?>
<testsuite name="com.revature.Testcases.ConnectionUtilityTest" tests="1" skipped="0" failures="0" errors="0" timestamp="2022-03-31T21:20:38" hostname="DESKTOP-VKFA5UJ" time="1.421">
  <properties/>
  <testcase name="test_getConnection()" classname="com.revature.Testcases.ConnectionUtilityTest" time="1.421"/>
  <system-out><![CDATA[17:20:38,690 |-INFO in ch.qos.logback.classic.LoggerContext[default] - Could NOT find resource [logback-test.xml]
17:20:38,690 |-INFO in ch.qos.logback.classic.LoggerContext[default] - Found resource [logback.xml] at [file:/D:/FullstackTraining/PROJECT-1/EmployeeApp/build/resources/main/logback.xml]
17:20:38,786 |-INFO in ch.qos.logback.classic.joran.action.ConfigurationAction - debug attribute not set
17:20:38,787 |-INFO in ch.qos.logback.core.joran.action.AppenderAction - About to instantiate appender of type [ch.qos.logback.core.ConsoleAppender]
17:20:38,797 |-INFO in ch.qos.logback.core.joran.action.AppenderAction - Naming appender as [myConsoleAppender]
17:20:38,805 |-INFO in ch.qos.logback.core.joran.action.NestedComplexPropertyIA - Assuming default type [ch.qos.logback.classic.encoder.PatternLayoutEncoder] for [encoder] property
17:20:38,840 |-INFO in ch.qos.logback.core.joran.action.AppenderAction - About to instantiate appender of type [ch.qos.logback.core.FileAppender]
17:20:38,844 |-INFO in ch.qos.logback.core.joran.action.AppenderAction - Naming appender as [MyFileAppender]
17:20:38,844 |-INFO in ch.qos.logback.core.joran.action.NestedComplexPropertyIA - Assuming default type [ch.qos.logback.classic.encoder.PatternLayoutEncoder] for [encoder] property
17:20:38,845 |-INFO in ch.qos.logback.core.FileAppender[MyFileAppender] - File property is set to [Mylogfile.log]
17:20:38,847 |-INFO in ch.qos.logback.classic.joran.action.RootLoggerAction - Setting level of ROOT logger to INFO
17:20:38,847 |-INFO in ch.qos.logback.core.joran.action.AppenderRefAction - Attaching appender named [myConsoleAppender] to Logger[ROOT]
17:20:38,848 |-ERROR in ch.qos.logback.core.joran.action.AppenderRefAction - Could not find an appender named [myFileAppender]. Did you define it below instead of above in the configuration file?
17:20:38,848 |-ERROR in ch.qos.logback.core.joran.action.AppenderRefAction - See http://logback.qos.ch/codes.html#appender_order for more details.
17:20:38,848 |-INFO in ch.qos.logback.classic.joran.action.ConfigurationAction - End of configuration.
17:20:38,849 |-INFO in ch.qos.logback.classic.joran.JoranConfigurator@611889f4 - Registering current configuration as safe fallback point

]]></system-out>
  <system-err><![CDATA[]]></system-err>
</testsuite>
