<?xml version="1.0" encoding="UTF-8"?>
<testsuite name="com.revature.Testcases.UserServiceTest" tests="2" skipped="0" failures="0" errors="0" timestamp="2022-03-31T21:20:41" hostname="DESKTOP-VKFA5UJ" time="0.006">
  <properties/>
  <testcase name="LoginTest()" classname="com.revature.Testcases.UserServiceTest" time="0.003"/>
  <testcase name="InvalidLoginTest()" classname="com.revature.Testcases.UserServiceTest" time="0.002"/>
  <system-out><![CDATA[]]></system-out>
  <system-err><![CDATA[]]></system-err>
</testsuite>
